2020-02-11 10:09:09,356 [Worker-9] INFO  c.g.t.t.d.PublishedGradleVersions - Gradle version information cache is out-of-date. Trying to update.
2020-02-11 10:09:19,813 [Worker-7] INFO  o.e.m.c.i.i.nexus.NexusIndexManager - Updating index for repository: central|https://repo.maven.apache.org/maven2
2020-02-11 10:09:27,087 [Worker-9] INFO  c.g.t.t.d.PublishedGradleVersions - Updating Gradle version information cache failed. Using outdated cache.
2020-02-11 10:09:27,127 [Worker-2] INFO  o.e.m.c.i.e.AbstractTransferListenerAdapter - Downloaded https://repo.maven.apache.org/maven2/org/hibernate/hibernate/3.3.2/hibernate-3.3.2.jar
2020-02-11 10:09:35,571 [Worker-2] INFO  o.e.m.c.i.embedder.EclipseLogger - Installing E:\SoftWare\MyEclipse 2017 CI\configuration\org.eclipse.osgi\64\0\.cp\myeclipse-data\3.3\lib\core\hibernate3.jar to C:\Users\舒小姐\.m2\repository\org\hibernate\hibernate\3.3.2\hibernate-3.3.2.jar
2020-02-11 10:09:36,119 [Worker-2] INFO  o.e.m.c.i.embedder.EclipseLogger - Installing C:\TMP\mvninstall9219062667643051477.pom to C:\Users\舒小姐\.m2\repository\org\hibernate\hibernate\3.3.2\hibernate-3.3.2.pom
2020-02-11 10:09:36,942 [Worker-2] INFO  o.e.m.c.i.e.AbstractTransferListenerAdapter - Downloaded https://repo.maven.apache.org/maven2/org/eclipse/persistence/javax.persistence/2.0.1/javax.persistence-2.0.1.jar
2020-02-11 10:09:36,960 [Worker-2] INFO  o.e.m.c.i.embedder.EclipseLogger - Installing E:\SoftWare\MyEclipse 2017 CI\configuration\org.eclipse.osgi\67\0\.cp\data\eclipselink\2.1\javax.persistence_2.0.1.v201006031150.jar to C:\Users\舒小姐\.m2\repository\org\eclipse\persistence\javax.persistence\2.0.1\javax.persistence-2.0.1.jar
2020-02-11 10:09:37,074 [Worker-2] INFO  o.e.m.c.i.embedder.EclipseLogger - Installing C:\TMP\mvninstall6191627563499925886.pom to C:\Users\舒小姐\.m2\repository\org\eclipse\persistence\javax.persistence\2.0.1\javax.persistence-2.0.1.pom
2020-02-11 10:09:38,119 [Worker-2] INFO  o.e.m.c.i.e.AbstractTransferListenerAdapter - Downloaded https://repo.maven.apache.org/maven2/org/eclipse/persistence/eclipselink/2.1/eclipselink-2.1.jar
2020-02-11 10:09:38,135 [Worker-2] INFO  o.e.m.c.i.embedder.EclipseLogger - Installing E:\SoftWare\MyEclipse 2017 CI\configuration\org.eclipse.osgi\67\0\.cp\data\eclipselink\2.1\eclipselink.jar to C:\Users\舒小姐\.m2\repository\org\eclipse\persistence\eclipselink\2.1\eclipselink-2.1.jar
2020-02-11 10:09:38,268 [Worker-2] INFO  o.e.m.c.i.embedder.EclipseLogger - Installing C:\TMP\mvninstall6505251490707652677.pom to C:\Users\舒小姐\.m2\repository\org\eclipse\persistence\eclipselink\2.1\eclipselink-2.1.pom
2020-02-11 10:09:39,577 [Worker-2] INFO  o.e.m.c.i.e.AbstractTransferListenerAdapter - Downloaded https://repo.maven.apache.org/maven2/org/eclipse/persistence/eclipselink-jpa-modelgen/2.1/eclipselink-jpa-modelgen-2.1.jar
2020-02-11 10:09:39,608 [Worker-2] INFO  o.e.m.c.i.embedder.EclipseLogger - Installing E:\SoftWare\MyEclipse 2017 CI\configuration\org.eclipse.osgi\67\0\.cp\data\eclipselink\2.1\eclipselink-jpa-modelgen_2.1.1.v20100817-r8050.jar to C:\Users\舒小姐\.m2\repository\org\eclipse\persistence\eclipselink-jpa-modelgen\2.1\eclipselink-jpa-modelgen-2.1.jar
2020-02-11 10:09:39,705 [Worker-2] INFO  o.e.m.c.i.embedder.EclipseLogger - Installing C:\TMP\mvninstall8049368481212603326.pom to C:\Users\舒小姐\.m2\repository\org\eclipse\persistence\eclipselink-jpa-modelgen\2.1\eclipselink-jpa-modelgen-2.1.pom
2020-02-11 10:09:40,544 [Worker-2] INFO  o.e.m.c.i.e.AbstractTransferListenerAdapter - Downloaded https://repo.maven.apache.org/maven2/org/eclipse/persistence/eclipselink-jpa-modelgen/2.5.1/eclipselink-jpa-modelgen-2.5.1.jar
2020-02-11 10:09:40,560 [Worker-2] INFO  o.e.m.c.i.embedder.EclipseLogger - Installing E:\SoftWare\MyEclipse 2017 CI\configuration\org.eclipse.osgi\67\0\.cp\data\eclipselink\2.5\org.eclipse.persistence.jpa.modelgen_2.5.1.v20130918-f2b9fc5.jar to C:\Users\舒小姐\.m2\repository\org\eclipse\persistence\eclipselink-jpa-modelgen\2.5.1\eclipselink-jpa-modelgen-2.5.1.jar
2020-02-11 10:09:40,675 [Worker-2] INFO  o.e.m.c.i.embedder.EclipseLogger - Installing C:\TMP\mvninstall249042998392511406.pom to C:\Users\舒小姐\.m2\repository\org\eclipse\persistence\eclipselink-jpa-modelgen\2.5.1\eclipselink-jpa-modelgen-2.5.1.pom
2020-02-11 10:09:41,708 [Worker-2] INFO  o.e.m.c.i.e.AbstractTransferListenerAdapter - Downloaded https://repo.maven.apache.org/maven2/jexcelapi/jxl/2.6.9/jxl-2.6.9.jar
2020-02-11 10:09:41,717 [Worker-2] INFO  o.e.m.c.i.embedder.EclipseLogger - Installing E:\SoftWare\MyEclipse 2017 CI\configuration\org.eclipse.osgi\68\0\.cp\data\2.5\lib\jexcelapi\jxl.jar to C:\Users\舒小姐\.m2\repository\jexcelapi\jxl\2.6.9\jxl-2.6.9.jar
2020-02-11 10:09:41,875 [Worker-2] INFO  o.e.m.c.i.embedder.EclipseLogger - Installing C:\TMP\mvninstall6053981900198749660.pom to C:\Users\舒小姐\.m2\repository\jexcelapi\jxl\2.6.9\jxl-2.6.9.pom
2020-02-11 10:09:42,736 [Worker-2] INFO  o.e.m.c.i.e.AbstractTransferListenerAdapter - Downloaded https://repo.maven.apache.org/maven2/com/jamonapi/jamon/2.7/jamon-2.7.jar
2020-02-11 10:09:42,758 [Worker-2] INFO  o.e.m.c.i.embedder.EclipseLogger - Installing E:\SoftWare\MyEclipse 2017 CI\configuration\org.eclipse.osgi\68\0\.cp\data\2.5\lib\jamon\jamon-2.7.jar to C:\Users\舒小姐\.m2\repository\com\jamonapi\jamon\2.7\jamon-2.7.jar
2020-02-11 10:09:42,911 [Worker-2] INFO  o.e.m.c.i.embedder.EclipseLogger - Installing C:\TMP\mvninstall4346692204450612544.pom to C:\Users\舒小姐\.m2\repository\com\jamonapi\jamon\2.7\jamon-2.7.pom
2020-02-11 10:09:43,731 [Worker-2] INFO  o.e.m.c.i.e.AbstractTransferListenerAdapter - Downloaded https://repo.maven.apache.org/maven2/org/ow2/easybeans/quartz/1.6.1/quartz-1.6.1.jar
2020-02-11 10:09:43,743 [Worker-2] INFO  o.e.m.c.i.embedder.EclipseLogger - Installing E:\SoftWare\MyEclipse 2017 CI\configuration\org.eclipse.osgi\68\0\.cp\data\2.5\lib\quartz\quartz-all-1.6.1.jar to C:\Users\舒小姐\.m2\repository\org\ow2\easybeans\quartz\1.6.1\quartz-1.6.1.jar
2020-02-11 10:09:43,812 [Worker-2] INFO  o.e.m.c.i.embedder.EclipseLogger - Installing C:\TMP\mvninstall5942668208028693967.pom to C:\Users\舒小姐\.m2\repository\org\ow2\easybeans\quartz\1.6.1\quartz-1.6.1.pom
2020-02-11 10:09:44,631 [Worker-2] INFO  o.e.m.c.i.e.AbstractTransferListenerAdapter - Downloaded https://repo.maven.apache.org/maven2/org/springframework/javaconfig/spring-javaconfig/1.0.0.m4/spring-javaconfig-1.0.0.m4.jar
2020-02-11 10:09:44,643 [Worker-2] INFO  o.e.m.c.i.embedder.EclipseLogger - Installing E:\SoftWare\MyEclipse 2017 CI\configuration\org.eclipse.osgi\68\0\.cp\data\javaconfig\org.springframework.config.java-1.0.0.M4.jar to C:\Users\舒小姐\.m2\repository\org\springframework\javaconfig\spring-javaconfig\1.0.0.m4\spring-javaconfig-1.0.0.m4.jar
2020-02-11 10:09:44,742 [Worker-2] INFO  o.e.m.c.i.embedder.EclipseLogger - Installing C:\TMP\mvninstall7628132706568234823.pom to C:\Users\舒小姐\.m2\repository\org\springframework\javaconfig\spring-javaconfig\1.0.0.m4\spring-javaconfig-1.0.0.m4.pom
2020-02-11 10:09:45,543 [Worker-2] INFO  o.e.m.c.i.e.AbstractTransferListenerAdapter - Downloaded https://repo.maven.apache.org/maven2/com/sun/jmx/jmxri/1.2.1/jmxri-1.2.1.jar
2020-02-11 10:09:45,564 [Worker-2] INFO  o.e.m.c.i.embedder.EclipseLogger - Installing E:\SoftWare\MyEclipse 2017 CI\configuration\org.eclipse.osgi\68\0\.cp\data\1.2\lib\dependencies\jmx\jmxri.jar to C:\Users\舒小姐\.m2\repository\com\sun\jmx\jmxri\1.2.1\jmxri-1.2.1.jar
2020-02-11 10:09:45,651 [Worker-2] INFO  o.e.m.c.i.embedder.EclipseLogger - Installing C:\TMP\mvninstall9014525379790417939.pom to C:\Users\舒小姐\.m2\repository\com\sun\jmx\jmxri\1.2.1\jmxri-1.2.1.pom
2020-02-11 10:09:46,938 [Worker-2] INFO  o.e.m.c.i.e.AbstractTransferListenerAdapter - Downloaded https://repo.maven.apache.org/maven2/javax/management/jmxremote/1.0.1_04/jmxremote-1.0.1_04.jar
2020-02-11 10:09:46,946 [Worker-2] INFO  o.e.m.c.i.embedder.EclipseLogger - Installing E:\SoftWare\MyEclipse 2017 CI\configuration\org.eclipse.osgi\68\0\.cp\data\1.2\lib\dependencies\jmx\jmxremote.jar to C:\Users\舒小姐\.m2\repository\javax\management\jmxremote\1.0.1_04\jmxremote-1.0.1_04.jar
2020-02-11 10:09:47,086 [Worker-2] INFO  o.e.m.c.i.embedder.EclipseLogger - Installing C:\TMP\mvninstall4413273780439476748.pom to C:\Users\舒小姐\.m2\repository\javax\management\jmxremote\1.0.1_04\jmxremote-1.0.1_04.pom
2020-02-11 10:09:47,910 [Worker-2] INFO  o.e.m.c.i.e.AbstractTransferListenerAdapter - Downloaded https://repo.maven.apache.org/maven2/javax/management/jmxremote_optional/1.0.1_04/jmxremote_optional-1.0.1_04.jar
2020-02-11 10:09:47,993 [Worker-2] INFO  o.e.m.c.i.embedder.EclipseLogger - Installing E:\SoftWare\MyEclipse 2017 CI\configuration\org.eclipse.osgi\68\0\.cp\data\1.2\lib\dependencies\jmx\jmxremote_optional.jar to C:\Users\舒小姐\.m2\repository\javax\management\jmxremote_optional\1.0.1_04\jmxremote_optional-1.0.1_04.jar
2020-02-11 10:09:48,083 [Worker-2] INFO  o.e.m.c.i.embedder.EclipseLogger - Installing C:\TMP\mvninstall3675364192774453959.pom to C:\Users\舒小姐\.m2\repository\javax\management\jmxremote_optional\1.0.1_04\jmxremote_optional-1.0.1_04.pom
2020-02-11 10:09:48,895 [Worker-2] INFO  o.e.m.c.i.e.AbstractTransferListenerAdapter - Downloaded https://repo.maven.apache.org/maven2/javax/management/jmxri/1.2.1/jmxri-1.2.1.jar
2020-02-11 10:09:48,904 [Worker-2] INFO  o.e.m.c.i.embedder.EclipseLogger - Installing E:\SoftWare\MyEclipse 2017 CI\configuration\org.eclipse.osgi\68\0\.cp\data\1.2\lib\dependencies\jmx\jmxri.jar to C:\Users\舒小姐\.m2\repository\javax\management\jmxri\1.2.1\jmxri-1.2.1.jar
2020-02-11 10:09:48,949 [Worker-2] INFO  o.e.m.c.i.embedder.EclipseLogger - Installing C:\TMP\mvninstall1827625106632800052.pom to C:\Users\舒小姐\.m2\repository\javax\management\jmxri\1.2.1\jmxri-1.2.1.pom
2020-02-11 10:09:49,745 [Worker-2] INFO  o.e.m.c.i.e.AbstractTransferListenerAdapter - Downloaded https://repo.maven.apache.org/maven2/jdo/jdo/1.0.1/jdo-1.0.1.jar
2020-02-11 10:09:49,771 [Worker-2] INFO  o.e.m.c.i.embedder.EclipseLogger - Installing E:\SoftWare\MyEclipse 2017 CI\configuration\org.eclipse.osgi\68\0\.cp\data\1.2\lib\dependencies\jdo\jdo2.jar to C:\Users\舒小姐\.m2\repository\jdo\jdo\1.0.1\jdo-1.0.1.jar
2020-02-11 10:09:49,971 [Worker-2] INFO  o.e.m.c.i.embedder.EclipseLogger - Installing C:\TMP\mvninstall2163858527650037250.pom to C:\Users\舒小姐\.m2\repository\jdo\jdo\1.0.1\jdo-1.0.1.pom
2020-02-11 10:09:51,258 [Worker-2] INFO  o.e.m.c.i.e.AbstractTransferListenerAdapter - Downloaded https://repo.maven.apache.org/maven2/com/bea/wlplatform/commonj-twm/1.1/commonj-twm-1.1.jar
2020-02-11 10:09:51,266 [Worker-2] INFO  o.e.m.c.i.embedder.EclipseLogger - Installing E:\SoftWare\MyEclipse 2017 CI\configuration\org.eclipse.osgi\68\0\.cp\data\2.0\lib\commonj\commonj-twm.jar to C:\Users\舒小姐\.m2\repository\com\bea\wlplatform\commonj-twm\1.1\commonj-twm-1.1.jar
2020-02-11 10:09:51,355 [Worker-2] INFO  o.e.m.c.i.embedder.EclipseLogger - Installing C:\TMP\mvninstall7556893817475827356.pom to C:\Users\舒小姐\.m2\repository\com\bea\wlplatform\commonj-twm\1.1\commonj-twm-1.1.pom
2020-02-11 10:09:52,172 [Worker-2] INFO  o.e.m.c.i.e.AbstractTransferListenerAdapter - Downloaded https://repo.maven.apache.org/maven2/com/oracle/toplink/toplink/10.1.3/toplink-10.1.3.jar
2020-02-11 10:09:52,184 [Worker-2] INFO  o.e.m.c.i.embedder.EclipseLogger - Installing E:\SoftWare\MyEclipse 2017 CI\configuration\org.eclipse.osgi\68\0\.cp\data\2.0\lib\toplink\toplink-api.jar to C:\Users\舒小姐\.m2\repository\com\oracle\toplink\toplink\10.1.3\toplink-10.1.3.jar
2020-02-11 10:09:52,266 [Worker-2] INFO  o.e.m.c.i.embedder.EclipseLogger - Installing C:\TMP\mvninstall2002854813999589082.pom to C:\Users\舒小姐\.m2\repository\com\oracle\toplink\toplink\10.1.3\toplink-10.1.3.pom
2020-02-11 10:09:53,058 [Worker-2] INFO  o.e.m.c.i.e.AbstractTransferListenerAdapter - Downloaded https://repo.maven.apache.org/maven2/org/codehaus/groovy/1.0/groovy-1.0.jar
2020-02-11 10:09:53,069 [Worker-2] INFO  o.e.m.c.i.embedder.EclipseLogger - Installing E:\SoftWare\MyEclipse 2017 CI\configuration\org.eclipse.osgi\68\0\.cp\data\2.0\lib\groovy\groovy-1.0.jar to C:\Users\舒小姐\.m2\repository\org\codehaus\groovy\1.0\groovy-1.0.jar
2020-02-11 10:09:53,184 [Worker-2] INFO  o.e.m.c.i.embedder.EclipseLogger - Installing C:\TMP\mvninstall3199021217442991758.pom to C:\Users\舒小姐\.m2\repository\org\codehaus\groovy\1.0\groovy-1.0.pom
2020-02-11 10:09:54,450 [Worker-2] INFO  o.e.m.c.i.e.AbstractTransferListenerAdapter - Downloaded https://repo.maven.apache.org/maven2/org/springframework/security/org.springframework.security.core/3.0.5.RELEASE/org.springframework.security.core-3.0.5.RELEASE.jar
2020-02-11 10:09:54,471 [Worker-2] INFO  o.e.m.c.i.embedder.EclipseLogger - Installing E:\SoftWare\MyEclipse 2017 CI\configuration\org.eclipse.osgi\69\0\.cp\data\security-3.0\spring-security-core-3.0.5.RELEASE.jar to C:\Users\舒小姐\.m2\repository\org\springframework\security\org.springframework.security.core\3.0.5.RELEASE\org.springframework.security.core-3.0.5.RELEASE.jar
2020-02-11 10:09:54,549 [Worker-2] INFO  o.e.m.c.i.embedder.EclipseLogger - Installing C:\TMP\mvninstall1687990662640296592.pom to C:\Users\舒小姐\.m2\repository\org\springframework\security\org.springframework.security.core\3.0.5.RELEASE\org.springframework.security.core-3.0.5.RELEASE.pom
2020-02-11 10:09:55,328 [Worker-2] INFO  o.e.m.c.i.e.AbstractTransferListenerAdapter - Downloaded https://repo.maven.apache.org/maven2/org/springframework/security/org.springframework.security.web/3.0.5.RELEASE/org.springframework.security.web-3.0.5.RELEASE.jar
2020-02-11 10:09:55,338 [Worker-2] INFO  o.e.m.c.i.embedder.EclipseLogger - Installing E:\SoftWare\MyEclipse 2017 CI\configuration\org.eclipse.osgi\69\0\.cp\data\security-3.0\spring-security-web-3.0.5.RELEASE.jar to C:\Users\舒小姐\.m2\repository\org\springframework\security\org.springframework.security.web\3.0.5.RELEASE\org.springframework.security.web-3.0.5.RELEASE.jar
2020-02-11 10:09:55,377 [Worker-2] INFO  o.e.m.c.i.embedder.EclipseLogger - Installing C:\TMP\mvninstall6061319096251616156.pom to C:\Users\舒小姐\.m2\repository\org\springframework\security\org.springframework.security.web\3.0.5.RELEASE\org.springframework.security.web-3.0.5.RELEASE.pom
2020-02-11 10:09:56,168 [Worker-2] INFO  o.e.m.c.i.e.AbstractTransferListenerAdapter - Downloaded https://repo.maven.apache.org/maven2/org/springframework/security/org.springframework.security.config/3.0.5.RELEASE/org.springframework.security.config-3.0.5.RELEASE.jar
2020-02-11 10:09:56,177 [Worker-2] INFO  o.e.m.c.i.embedder.EclipseLogger - Installing E:\SoftWare\MyEclipse 2017 CI\configuration\org.eclipse.osgi\69\0\.cp\data\security-3.0\spring-security-config-3.0.5.RELEASE.jar to C:\Users\舒小姐\.m2\repository\org\springframework\security\org.springframework.security.config\3.0.5.RELEASE\org.springframework.security.config-3.0.5.RELEASE.jar
2020-02-11 10:09:56,262 [Worker-2] INFO  o.e.m.c.i.embedder.EclipseLogger - Installing C:\TMP\mvninstall7920590823956656502.pom to C:\Users\舒小姐\.m2\repository\org\springframework\security\org.springframework.security.config\3.0.5.RELEASE\org.springframework.security.config-3.0.5.RELEASE.pom
2020-02-11 10:09:57,049 [Worker-2] INFO  o.e.m.c.i.e.AbstractTransferListenerAdapter - Downloaded https://repo.maven.apache.org/maven2/org/springframework/security/org.springframework.security.ldap/3.0.5.RELEASE/org.springframework.security.ldap-3.0.5.RELEASE.jar
2020-02-11 10:09:57,085 [Worker-2] INFO  o.e.m.c.i.embedder.EclipseLogger - Installing E:\SoftWare\MyEclipse 2017 CI\configuration\org.eclipse.osgi\69\0\.cp\data\security-3.0\spring-security-ldap-3.0.5.RELEASE.jar to C:\Users\舒小姐\.m2\repository\org\springframework\security\org.springframework.security.ldap\3.0.5.RELEASE\org.springframework.security.ldap-3.0.5.RELEASE.jar
2020-02-11 10:09:57,155 [Worker-2] INFO  o.e.m.c.i.embedder.EclipseLogger - Installing C:\TMP\mvninstall5941165998730507596.pom to C:\Users\舒小姐\.m2\repository\org\springframework\security\org.springframework.security.ldap\3.0.5.RELEASE\org.springframework.security.ldap-3.0.5.RELEASE.pom
2020-02-11 10:10:34,024 [Worker-4] INFO  c.g.t.t.d.PublishedGradleVersions - Gradle version information cache is out-of-date. Trying to update.
2020-02-11 10:10:42,989 [Worker-7] INFO  o.e.m.c.i.i.nexus.NexusIndexManager - Updating index for repository: central|https://repo.maven.apache.org/maven2
2020-02-11 10:10:50,079 [Worker-4] INFO  c.g.t.t.d.PublishedGradleVersions - Updating Gradle version information cache failed. Using outdated cache.
2020-02-11 10:15:31,420 [Worker-1: Loading available Gradle versions] INFO  o.e.b.c.i.u.g.PublishedGradleVersions - Gradle version information cache is out-of-date. Trying to update.
2020-02-11 10:15:41,671 [Worker-1: Loading available Gradle versions] INFO  o.e.b.c.i.u.g.PublishedGradleVersions - Updating Gradle version information cache failed. Using outdated cache.
2020-02-17 19:16:03,078 [Worker-6: Loading available Gradle versions] INFO  o.e.b.c.i.u.g.PublishedGradleVersions - Gradle version information cache is out-of-date. Trying to update.
2020-02-17 19:16:18,934 [Worker-6: Loading available Gradle versions] INFO  o.e.b.c.i.u.g.PublishedGradleVersions - Updating Gradle version information cache failed. Using outdated cache.
2020-02-17 19:30:39,082 [Worker-5: Loading available Gradle versions] INFO  o.e.b.c.i.u.g.PublishedGradleVersions - Gradle version information cache is out-of-date. Trying to update.
2020-02-17 19:30:51,149 [Worker-5: Loading available Gradle versions] INFO  o.e.b.c.i.u.g.PublishedGradleVersions - Updating Gradle version information cache failed. Using outdated cache.
2020-02-19 18:49:21,291 [Worker-6] INFO  c.g.t.t.d.PublishedGradleVersions - Gradle version information cache is out-of-date. Trying to update.
2020-02-19 18:49:46,774 [Worker-4] INFO  o.e.m.c.i.i.nexus.NexusIndexManager - Updating index for repository: central|https://repo.maven.apache.org/maven2
2020-02-19 18:49:53,248 [Worker-6] INFO  c.g.t.t.d.PublishedGradleVersions - Updating Gradle version information cache failed. Using outdated cache.
2020-02-19 19:10:30,306 [Worker-4] ERROR o.e.m.c.i.i.nexus.NexusIndexManager - Unable to update index for central|https://repo.maven.apache.org/maven2: C:\Users\舒小姐\.m2\repository\.cache\m2e\1.7.0\05b0fe8524860bd73cbb07ef30fb34cc\full\_a0.cfs (系统找不到指定的文件。)
java.io.FileNotFoundException: C:\Users\舒小姐\.m2\repository\.cache\m2e\1.7.0\05b0fe8524860bd73cbb07ef30fb34cc\full\_a0.cfs (系统找不到指定的文件。)
	at java.io.RandomAccessFile.open0(Native Method) ~[na:1.8.0_144]
	at java.io.RandomAccessFile.open(RandomAccessFile.java:316) ~[na:1.8.0_144]
	at java.io.RandomAccessFile.<init>(RandomAccessFile.java:243) ~[na:1.8.0_144]
	at org.apache.lucene.store.FSDirectory$FSIndexInput$Descriptor.<init>(FSDirectory.java:552) ~[lucene-core-2.4.1.jar:2.4.1 750176 - 2009-03-04 21:56:52]
	at org.apache.lucene.store.FSDirectory$FSIndexInput.<init>(FSDirectory.java:582) ~[lucene-core-2.4.1.jar:2.4.1 750176 - 2009-03-04 21:56:52]
	at org.apache.lucene.store.FSDirectory.openInput(FSDirectory.java:488) ~[lucene-core-2.4.1.jar:2.4.1 750176 - 2009-03-04 21:56:52]
	at org.apache.lucene.index.CompoundFileReader.<init>(CompoundFileReader.java:70) ~[lucene-core-2.4.1.jar:2.4.1 750176 - 2009-03-04 21:56:52]
	at org.apache.lucene.index.SegmentReader.initialize(SegmentReader.java:321) ~[lucene-core-2.4.1.jar:2.4.1 750176 - 2009-03-04 21:56:52]
	at org.apache.lucene.index.SegmentReader.get(SegmentReader.java:306) ~[lucene-core-2.4.1.jar:2.4.1 750176 - 2009-03-04 21:56:52]
	at org.apache.lucene.index.SegmentReader.get(SegmentReader.java:236) ~[lucene-core-2.4.1.jar:2.4.1 750176 - 2009-03-04 21:56:52]
	at org.apache.lucene.index.DocumentsWriter.applyDeletes(DocumentsWriter.java:915) ~[lucene-core-2.4.1.jar:2.4.1 750176 - 2009-03-04 21:56:52]
	at org.apache.lucene.index.IndexWriter.applyDeletes(IndexWriter.java:4339) ~[lucene-core-2.4.1.jar:2.4.1 750176 - 2009-03-04 21:56:52]
	at org.apache.lucene.index.IndexWriter.doFlush(IndexWriter.java:3579) ~[lucene-core-2.4.1.jar:2.4.1 750176 - 2009-03-04 21:56:52]
	at org.apache.lucene.index.IndexWriter.flush(IndexWriter.java:3450) ~[lucene-core-2.4.1.jar:2.4.1 750176 - 2009-03-04 21:56:52]
	at org.apache.lucene.index.IndexWriter.closeInternal(IndexWriter.java:1638) ~[lucene-core-2.4.1.jar:2.4.1 750176 - 2009-03-04 21:56:52]
	at org.apache.lucene.index.IndexWriter.close(IndexWriter.java:1602) ~[lucene-core-2.4.1.jar:2.4.1 750176 - 2009-03-04 21:56:52]
	at org.apache.lucene.index.IndexWriter.close(IndexWriter.java:1578) ~[lucene-core-2.4.1.jar:2.4.1 750176 - 2009-03-04 21:56:52]
	at org.apache.maven.index.context.NexusIndexWriter.close(NexusIndexWriter.java:58) ~[indexer-core-3.1.0.jar:3.1.0]
	at org.apache.maven.index.context.DefaultIndexingContext.prepareCleanIndex(DefaultIndexingContext.java:235) ~[indexer-core-3.1.0.jar:3.1.0]
	at org.apache.maven.index.context.DefaultIndexingContext.prepareIndex(DefaultIndexingContext.java:205) ~[indexer-core-3.1.0.jar:3.1.0]
	at org.apache.maven.index.context.DefaultIndexingContext.<init>(DefaultIndexingContext.java:173) ~[indexer-core-3.1.0.jar:3.1.0]
	at org.apache.maven.index.DefaultNexusIndexer.addIndexingContextForced(DefaultNexusIndexer.java:160) ~[org.eclipse.m2e.maven.indexer_1.7.0.20160603-1931/:na]
	at org.eclipse.m2e.core.internal.index.nexus.NexusIndexManager.updateRemoteIndex(NexusIndexManager.java:1247) [org.eclipse.m2e.core_1.7.0.me201611191457.jar:na]
	at org.eclipse.m2e.core.internal.index.nexus.NexusIndexManager.updateIndex(NexusIndexManager.java:1193) [org.eclipse.m2e.core_1.7.0.me201611191457.jar:na]
	at org.eclipse.m2e.core.internal.index.nexus.NexusIndexManager$1.run(NexusIndexManager.java:703) [org.eclipse.m2e.core_1.7.0.me201611191457.jar:na]
	at org.eclipse.m2e.core.internal.index.nexus.IndexUpdaterJob.run(IndexUpdaterJob.java:72) [org.eclipse.m2e.core_1.7.0.me201611191457.jar:na]
	at org.eclipse.core.internal.jobs.Worker.run(Worker.java:55) [org.eclipse.core.jobs_3.8.0.v20160509-0411.jar:na]
2020-02-20 18:56:54,206 [Worker-4: Loading available Gradle versions] INFO  o.e.b.c.i.u.g.PublishedGradleVersions - Gradle version information cache is out-of-date. Trying to update.
2020-02-20 18:57:08,693 [Worker-4: Loading available Gradle versions] INFO  o.e.b.c.i.u.g.PublishedGradleVersions - Updating Gradle version information cache failed. Using outdated cache.
2020-03-16 10:34:29,721 [Worker-4: Loading available Gradle versions] INFO  o.e.b.c.i.u.g.PublishedGradleVersions - Gradle version information cache is out-of-date. Trying to update.
2020-03-17 14:18:48,642 [Worker-0: Loading available Gradle versions] INFO  o.e.b.c.i.u.g.PublishedGradleVersions - Gradle version information cache is out-of-date. Trying to update.
2020-04-06 12:02:07,895 [Worker-0: Loading available Gradle versions] INFO  o.e.b.c.i.u.g.PublishedGradleVersions - Gradle version information cache is out-of-date. Trying to update.
